#
# A fatal error has been detected by the Java Runtime Environment:
#
#  EXCEPTION_ACCESS_VIOLATION (0xc0000005) at pc=0x000002bfd328ae53, pid=10572, tid=20988
#
# JRE version: OpenJDK Runtime Environment (21.0.1+12) (build 21.0.1+12-29)
# Java VM: OpenJDK 64-Bit Server VM (21.0.1+12-29, mixed mode, sharing, tiered, compressed oops, compressed class ptrs, g1 gc, windows-amd64)
# Problematic frame:
# v  ~BufferBlob::MethodHandles adapters 0x000002bfd328ae53
#
# No core dump will be written. Minidumps are not enabled by default on client versions of Windows
#
# If you would like to submit a bug report, please visit:
#   https://bugreport.java.com/bugreport/crash.jsp
#

---------------  S U M M A R Y ------------

Command Line: -XX:+ShowCodeDetailsInExceptionMessages -agentlib:jdwp=transport=dt_socket,suspend=y,address=localhost:62823 -javaagent:C:\Users\jwkim-pc\eclipse\jee-2023-09\eclipse\configuration\org.eclipse.osgi\435\0\.cp\lib\javaagent-shaded.jar -Dfile.encoding=UTF-8 -Dstdout.encoding=UTF-8 -Dstderr.encoding=UTF-8 com.sjc.SJC_V1.SjcV1Application

Host: 11th Gen Intel(R) Core(TM) i7-1165G7 @ 2.80GHz, 8 cores, 15G,  Windows 10 , 64 bit Build 19041 (10.0.19041.3636)
Time: Fri Jun  7 14:34:37 2024  Windows 10 , 64 bit Build 19041 (10.0.19041.3636) elapsed time: 248.490911 seconds (0d 0h 4m 8s)

---------------  T H R E A D  ---------------

Current thread (0x000002bfe2b31ae0):  JavaThread "restartedMain"        [_thread_in_Java, id=20988, stack(0x000000c042f00000,0x000000c043000000) (1024K)]

Stack: [0x000000c042f00000,0x000000c043000000],  sp=0x000000c042ffde28,  free space=1015k
Native frames: (J=compiled Java code, j=interpreted, Vv=VM code, C=native code)
C  0x000002bfd328ae53

The last pc belongs to _linkToSpecial (printed below).

siginfo: EXCEPTION_ACCESS_VIOLATION (0xc0000005), reading address 0xffffffffffffffff


Registers:
RAX=0x000002bfd325919a, RBX=0xe0f7ab3600000000, RCX=0x000000c042ffde30, RDX=0x0000000000000002
RSP=0x000000c042ffde28, RBP=0x000000c042ffde78, RSI=0x000002bfe7827048, RDI=0x000002bfebe39b90
R8 =0x0000000000000004, R9 =0x0000000000000004, R10=0x000002bf80000000, R11=0x000002bf800b6328
R12=0x0000000000000000, R13=0x000000c042ffde28, R14=0x000000c042ffde98, R15=0x000002bfe2b31ae0
RIP=0x000002bfd328ae53, EFLAGS=0x0000000000010246


Register to memory mapping:

RAX=0x000002bfd325919a is at code_begin+3354 in an Interpreter codelet
return entry points  [0x000002bfd3258480, 0x000002bfd325a550]  8400 bytes
RBX=0xe0f7ab3600000000 is an unknown value
RCX=0x000000c042ffde30 is pointing into the stack for thread: 0x000002bfe2b31ae0
RDX=0x0000000000000002 is an unknown value
RSP=0x000000c042ffde28 is pointing into the stack for thread: 0x000002bfe2b31ae0
RBP=0x000000c042ffde78 is pointing into the stack for thread: 0x000002bfe2b31ae0
RSI=0x000002bfe7827048 points into unknown readable memory: 0x80000e65a49d730b | 0b 73 9d a4 65 0e 00 80
RDI=0x000002bfebe39b90 points into unknown readable memory: 0x0000001800000070 | 70 00 00 00 18 00 00 00
R8 =0x0000000000000004 is an unknown value
R9 =0x0000000000000004 is an unknown value
R10=0x000002bf80000000 is pointing into metadata
R11={method} {0x000002bf800b6330} 'newInvokeSpecial' '(Ljava/lang/Object;)Ljava/lang/Object;' in 'java/lang/invoke/DirectMethodHandle$Holder'
R12=0x0 is null
R13=0x000000c042ffde28 is pointing into the stack for thread: 0x000002bfe2b31ae0
R14=0x000000c042ffde98 is pointing into the stack for thread: 0x000002bfe2b31ae0
R15=0x000002bfe2b31ae0 is a thread

Top of Stack: (sp=0x000000c042ffde28)
0x000000c042ffde28:   000002bfd325919a 000000c042ffde30
0x000000c042ffde38:   000002bf8072cb77 0000000000000004
0x000000c042ffde48:   000002bf800b17e0 000002bfe37f6de0
0x000000c042ffde58:   00000007041de640 000002bf800b6328
0x000000c042ffde68:   000000c042ffde28 000000c042ffdea0
0x000000c042ffde78:   000000c042ffe240 000002bfcc7a167a
0x000000c042ffde88:   0000000707bd58b8 0000000707bd5960
0x000000c042ffde98:   0000000707bd5918 00000007041dd4c0
0x000000c042ffdea8:   0000000707bd58e8 0000000000000000
0x000000c042ffdeb8:   0000000000000000 0000000000000000
0x000000c042ffdec8:   0000000000000000 0000000000000000
0x000000c042ffded8:   0000000000000000 000000c042ffe240
0x000000c042ffdee8:   000002bfcc872c0c 0000000000000001
0x000000c042ffdef8:   000002bfcc78bbda 0000000707bd5730
0x000000c042ffdf08:   0000000000000000 0000000000000000
0x000000c042ffdf18:   0000000000000000 0000000000000000
0x000000c042ffdf28:   0000000000000000 0000000000000000
0x000000c042ffdf38:   0000000000000000 0000000000000000
0x000000c042ffdf48:   0000000707bd5948 0000000707bd5720
0x000000c042ffdf58:   0000000700000000 0000000707bd5590
0x000000c042ffdf68:   0000000000000000 0000000707bd56c8
0x000000c042ffdf78:   0000000000000000 000000070545a490
0x000000c042ffdf88:   0000000000000001 000000c042ffe240
0x000000c042ffdf98:   000002bfcc59d79c 0000000707bd56c8
0x000000c042ffdfa8:   0000000707bd5918 0000000000000001
0x000000c042ffdfb8:   000002bfd380da60 0000000707bd56c8
0x000000c042ffdfc8:   0000000703c60170 000000070545a490
0x000000c042ffdfd8:   000000070545a490 000002bf00000001
0x000000c042ffdfe8:   0000000000000000 0000000707bd56c8
0x000000c042ffdff8:   0000000000000000 0000000707bd5590
0x000000c042ffe008:   0000000707bd5948 000000000000003e
0x000000c042ffe018:   0000000000000000 0000013833d05500 

Instructions: (pc=0x000002bfd328ae53)
0x000002bfd328ad53:   00 00 00 74 03 ff 63 38 ff 63 50 e9 9d 16 00 00
0x000002bfd328ad63:   66 66 66 0f 1f 84 00 00 00 00 00 66 66 66 90 66
0x000002bfd328ad73:   66 0f 1f 84 00 00 00 00 00 66 66 66 90 48 8b 53
0x000002bfd328ad83:   08 0f b7 52 2e 48 8b 0c d4 58 5b 50 44 8b 51 08
0x000002bfd328ad93:   49 bb 00 00 00 80 bf 02 00 00 4d 03 d3 4c 8b 5b
0x000002bfd328ada3:   10 4b 8b 9c da c8 01 00 00 48 85 db 0f 84 10 00
0x000002bfd328adb3:   00 00 41 80 bf e0 05 00 00 00 74 03 ff 63 38 ff
0x000002bfd328adc3:   63 50 e9 36 16 00 00 66 66 66 0f 1f 84 00 00 00
0x000002bfd328add3:   00 00 66 66 66 90 0f 1f 80 00 00 00 00 58 5b 50
0x000002bfd328ade3:   8b 5b 24 48 c1 e3 03 48 8b 5b 10 48 85 db 0f 84
0x000002bfd328adf3:   10 00 00 00 41 80 bf e0 05 00 00 00 74 03 ff 63
0x000002bfd328ae03:   38 ff 63 50 e9 f4 15 00 00 66 66 66 0f 1f 84 00
0x000002bfd328ae13:   00 00 00 00 66 66 66 90 0f 1f 44 00 00 48 8b 53
0x000002bfd328ae23:   08 0f b7 52 2e 48 8b 0c d4 58 5b 50 48 3b 01 8b
0x000002bfd328ae33:   5b 24 48 c1 e3 03 48 8b 5b 10 48 85 db 0f 84 10
0x000002bfd328ae43:   00 00 00 41 80 bf e0 05 00 00 00 74 03 ff 63 38
0x000002bfd328ae53:   ff 63 50 e9 a5 15 00 00 0f 1f 44 00 00 48 8b 53
0x000002bfd328ae63:   08 0f b7 52 2e 48 8b 0c d4 58 5b 50 44 8b 51 08
0x000002bfd328ae73:   49 bb 00 00 00 80 bf 02 00 00 4d 03 d3 8b 43 18
0x000002bfd328ae83:   48 c1 e0 03 48 8b 40 10 48 8b 5b 10 45 8b 9a a0
0x000002bfd328ae93:   00 00 00 4f 8d 9c da c8 01 00 00 4d 8d 14 da 49
0x000002bfd328aea3:   8b 1b 48 3b c3 74 15 48 85 db 0f 84 32 00 00 00
0x000002bfd328aeb3:   49 83 c3 10 49 8b 1b 48 3b c3 75 eb 45 8b 5b 08
0x000002bfd328aec3:   4b 8b 1c 1a 48 85 db 0f 84 10 00 00 00 41 80 bf
0x000002bfd328aed3:   e0 05 00 00 00 74 03 ff 63 38 ff 63 50 e9 1b 15
0x000002bfd328aee3:   00 00 e9 16 12 00 00 f4 00 00 00 00 00 00 00 00
0x000002bfd328aef3:   00 00 00 00 00 00 00 00 00 00 00 00 00 00 00 00
0x000002bfd328af03:   00 00 00 00 00 00 00 00 00 00 00 00 00 00 00 00
0x000002bfd328af13:   00 00 00 00 00 00 00 00 00 00 00 00 00 00 00 00
0x000002bfd328af23:   00 00 00 00 00 00 00 00 00 00 00 00 00 00 00 00
0x000002bfd328af33:   00 00 00 00 00 00 00 00 00 00 00 00 00 00 00 00
0x000002bfd328af43:   00 00 00 00 00 00 00 00 00 00 00 00 00 00 00 00 


Stack slot to memory mapping:

stack at sp + 0 slots: 0x000002bfd325919a is at code_begin+3354 in an Interpreter codelet
return entry points  [0x000002bfd3258480, 0x000002bfd325a550]  8400 bytes
stack at sp + 1 slots: 0x000000c042ffde30 is pointing into the stack for thread: 0x000002bfe2b31ae0
stack at sp + 2 slots: 0x000002bf8072cb77 is pointing into metadata
stack at sp + 3 slots: 0x0000000000000004 is an unknown value
stack at sp + 4 slots: 0x000002bf800b17e0 is pointing into metadata
stack at sp + 5 slots: 0x000002bfe37f6de0 is pointing into metadata
stack at sp + 6 slots: 0x00000007041de640 is an oop: java.lang.Class 
{0x00000007041de640} - klass: 'java/lang/Class'
 - ---- fields (total size 14 words):
 - private volatile transient 'classRedefinedCount' 'I' @12  0 (0x00000000)
 - injected 'klass' 'J' @16  3021510218672 (0x000002bf800b13b0)
 - injected 'array_klass' 'J' @24  0 (0x0000000000000000)
 - injected 'oop_size' 'I' @32  14 (0x0000000e)
 - injected 'static_oop_field_count' 'I' @36  0 (0x00000000)
 - private volatile transient 'cachedConstructor' 'Ljava/lang/reflect/Constructor;' @40  null (0x00000000)
 - private transient 'name' 'Ljava/lang/String;' @44  null (0x00000000)
 - private transient 'module' 'Ljava/lang/Module;' @48  a 'java/lang/Module'{0x00000007041db018} (0xe083b603)
 - private final 'classLoader' 'Ljava/lang/ClassLoader;' @52  null (0x00000000)
 - private transient 'classData' 'Ljava/lang/Object;' @56  null (0x00000000)
 - private transient 'packageName' 'Ljava/lang/String;' @60  null (0x00000000)
 - private final 'componentType' 'Ljava/lang/Class;' @64  null (0x00000000)
 - private volatile transient 'reflectionData' 'Ljava/lang/ref/SoftReference;' @68  null (0x00000000)
 - private volatile transient 'genericInfo' 'Lsun/reflect/generics/repository/ClassRepository;' @72  null (0x00000000)
 - private volatile transient 'enumConstants' '[Ljava/lang/Object;' @76  null (0x00000000)
 - private volatile transient 'enumConstantDirectory' 'Ljava/util/Map;' @80  null (0x00000000)
 - private volatile transient 'annotationData' 'Ljava/lang/Class$AnnotationData;' @84  null (0x00000000)
 - private volatile transient 'annotationType' 'Lsun/reflect/annotation/AnnotationType;' @88  null (0x00000000)
 - transient 'classValueMap' 'Ljava/lang/ClassValue$ClassValueMap;' @92  null (0x00000000)
 - injected 'protection_domain' 'Ljava/lang/Object;' @96  null (0x00000000)
 - injected 'signers_name' 'Ljava/lang/Object;' @100  null (0x00000000)
 - injected 'source_file' 'Ljava/lang/Object;' @104  null (0x00000000)
 - signature: Ljava/lang/invoke/DirectMethodHandle$Holder;
 - ---- static fields (0):
stack at sp + 7 slots: {method} {0x000002bf800b6330} 'newInvokeSpecial' '(Ljava/lang/Object;)Ljava/lang/Object;' in 'java/lang/invoke/DirectMethodHandle$Holder'

MethodHandle::interpreter_entry::_linkToSpecial [0x000002bfd328ae0c, 0x000002bfd328ae5b] (79 bytes)
[MachCode]
  0x000002bfd328ae0c: 6666 660f | 1f84 0000 | 0000 0066 | 6666 900f | 1f44 0000 | 488b 5308 | 0fb7 522e | 488b 0cd4 
  0x000002bfd328ae2c: 585b 5048 | 3b01 8b5b | 2448 c1e3 | 0348 8b5b | 1048 85db | 0f84 1000 | 0000 4180 | bfe0 0500 
  0x000002bfd328ae4c: 0000 7403 | ff63 38ff | 6350 e9a5 | 
[/MachCode]

---------------  P R O C E S S  ---------------

Threads class SMR info:
_java_thread_list=0x000002bfe2cd1390, length=32, elements={
0x000002bfe2998ea0, 0x000002bfe299a560, 0x000002bfe299dd60, 0x000002bfe29a07d0,
0x000002bfe29a19d0, 0x000002bfe29ad930, 0x000002bfe29b4aa0, 0x000002bfe29b80a0,
0x000002bfe2b61b10, 0x000002bfe2cee3d0, 0x000002bfe2ceee60, 0x000002bfe2d58670,
0x000002bfe75fd7b0, 0x000002bfed558a90, 0x000002bfef48fb20, 0x000002bfef48ee00,
0x000002bfe2b30730, 0x000002bfe2b31ae0, 0x000002bfe2b348d0, 0x000002bfe2b2e660,
0x000002bfe2b31450, 0x000002bfe2b32170, 0x000002bfe2b32800, 0x000002bfe2b32e90,
0x000002bfe2b2ecf0, 0x000002bfe2b33520, 0x000002bfe2b30dc0, 0x000002bfe2b34240,
0x000002bfe2b2f380, 0x000002bfe2b33bb0, 0x000002bfe2b34f60, 0x000002bfef48b980
}

Java Threads: ( => current thread )
  0x000002bfe2998ea0 JavaThread "Reference Handler"          daemon [_thread_blocked, id=3824, stack(0x000000c043900000,0x000000c043a00000) (1024K)]
  0x000002bfe299a560 JavaThread "Finalizer"                  daemon [_thread_blocked, id=20640, stack(0x000000c043a00000,0x000000c043b00000) (1024K)]
  0x000002bfe299dd60 JavaThread "Signal Dispatcher"          daemon [_thread_blocked, id=5664, stack(0x000000c043b00000,0x000000c043c00000) (1024K)]
  0x000002bfe29a07d0 JavaThread "Attach Listener"            daemon [_thread_blocked, id=20308, stack(0x000000c043c00000,0x000000c043d00000) (1024K)]
  0x000002bfe29a19d0 JavaThread "Service Thread"             daemon [_thread_blocked, id=20424, stack(0x000000c043d00000,0x000000c043e00000) (1024K)]
  0x000002bfe29ad930 JavaThread "Monitor Deflation Thread"   daemon [_thread_blocked, id=10872, stack(0x000000c043e00000,0x000000c043f00000) (1024K)]
  0x000002bfe29b4aa0 JavaThread "C2 CompilerThread0"         daemon [_thread_blocked, id=2400, stack(0x000000c043f00000,0x000000c044000000) (1024K)]
  0x000002bfe29b80a0 JavaThread "C1 CompilerThread0"         daemon [_thread_blocked, id=11160, stack(0x000000c044000000,0x000000c044100000) (1024K)]
  0x000002bfe2b61b10 JavaThread "Common-Cleaner"             daemon [_thread_blocked, id=20664, stack(0x000000c044100000,0x000000c044200000) (1024K)]
  0x000002bfe2cee3d0 JavaThread "JDWP Transport Listener: dt_socket" daemon [_thread_blocked, id=19788, stack(0x000000c044200000,0x000000c044300000) (1024K)]
  0x000002bfe2ceee60 JavaThread "JDWP Event Helper Thread"   daemon [_thread_blocked, id=9320, stack(0x000000c044300000,0x000000c044400000) (1024K)]
  0x000002bfe2d58670 JavaThread "JDWP Command Reader"        daemon [_thread_blocked, id=18748, stack(0x000000c044400000,0x000000c044500000) (1024K)]
  0x000002bfe75fd7b0 JavaThread "Notification Thread"        daemon [_thread_blocked, id=13696, stack(0x000000c044600000,0x000000c044700000) (1024K)]
  0x000002bfed558a90 JavaThread "PostgreSQL-JDBC-Cleaner"    daemon [_thread_blocked, id=3848, stack(0x000000c046000000,0x000000c046100000) (1024K)]
  0x000002bfef48fb20 JavaThread "Live Reload Server"         daemon [_thread_in_native, id=20764, stack(0x000000c046500000,0x000000c046600000) (1024K)]
  0x000002bfef48ee00 JavaThread "DestroyJavaVM"                     [_thread_blocked, id=19436, stack(0x000000c043100000,0x000000c043200000) (1024K)]
  0x000002bfe2b30730 JavaThread "Thread-7"                          [_thread_blocked, id=19160, stack(0x000000c042e00000,0x000000c042f00000) (1024K)]
=>0x000002bfe2b31ae0 JavaThread "restartedMain"                     [_thread_in_Java, id=20988, stack(0x000000c042f00000,0x000000c043000000) (1024K)]
  0x000002bfe2b348d0 JavaThread "Catalina-utility-1"                [_thread_blocked, id=9956, stack(0x000000c044e00000,0x000000c044f00000) (1024K)]
  0x000002bfe2b2e660 JavaThread "http-nio-80-exec-1"         daemon [_thread_blocked, id=18804, stack(0x000000c044f00000,0x000000c045000000) (1024K)]
  0x000002bfe2b31450 JavaThread "http-nio-80-exec-2"         daemon [_thread_blocked, id=18676, stack(0x000000c045000000,0x000000c045100000) (1024K)]
  0x000002bfe2b32170 JavaThread "Catalina-utility-2"                [_thread_blocked, id=10852, stack(0x000000c045200000,0x000000c045300000) (1024K)]
  0x000002bfe2b32800 JavaThread "http-nio-80-exec-3"         daemon [_thread_blocked, id=20468, stack(0x000000c045300000,0x000000c045400000) (1024K)]
  0x000002bfe2b32e90 JavaThread "http-nio-80-exec-4"         daemon [_thread_blocked, id=9560, stack(0x000000c045400000,0x000000c045500000) (1024K)]
  0x000002bfe2b2ecf0 JavaThread "http-nio-80-exec-5"         daemon [_thread_blocked, id=21484, stack(0x000000c045500000,0x000000c045600000) (1024K)]
  0x000002bfe2b33520 JavaThread "http-nio-80-exec-6"         daemon [_thread_blocked, id=8500, stack(0x000000c045600000,0x000000c045700000) (1024K)]
  0x000002bfe2b30dc0 JavaThread "http-nio-80-exec-7"         daemon [_thread_blocked, id=13928, stack(0x000000c045700000,0x000000c045800000) (1024K)]
  0x000002bfe2b34240 JavaThread "http-nio-80-exec-8"         daemon [_thread_blocked, id=19656, stack(0x000000c045800000,0x000000c045900000) (1024K)]
  0x000002bfe2b2f380 JavaThread "http-nio-80-exec-9"         daemon [_thread_blocked, id=20088, stack(0x000000c045900000,0x000000c045a00000) (1024K)]
  0x000002bfe2b33bb0 JavaThread "http-nio-80-exec-10"        daemon [_thread_blocked, id=11216, stack(0x000000c045a00000,0x000000c045b00000) (1024K)]
  0x000002bfe2b34f60 JavaThread "container-0"                       [_thread_blocked, id=16456, stack(0x000000c045b00000,0x000000c045c00000) (1024K)]
  0x000002bfef48b980 JavaThread "HikariPool-3 housekeeper"   daemon [_thread_blocked, id=8872, stack(0x000000c045c00000,0x000000c045d00000) (1024K)]
Total: 32

Other Threads:
  0x000002bfe2978c60 VMThread "VM Thread"                           [id=11832, stack(0x000000c043800000,0x000000c043900000) (1024K)] _threads_hazard_ptr=0x000002bfe2cd1390
  0x000002bfe295eea0 WatcherThread "VM Periodic Task Thread"        [id=21396, stack(0x000000c043700000,0x000000c043800000) (1024K)]
  0x000002bfc393c030 WorkerThread "GC Thread#0"                     [id=8492, stack(0x000000c043200000,0x000000c043300000) (1024K)]
  0x000002bfe78e2d90 WorkerThread "GC Thread#1"                     [id=6128, stack(0x000000c044700000,0x000000c044800000) (1024K)]
  0x000002bfe78e3130 WorkerThread "GC Thread#2"                     [id=20084, stack(0x000000c044800000,0x000000c044900000) (1024K)]
  0x000002bfe78e34d0 WorkerThread "GC Thread#3"                     [id=3744, stack(0x000000c044900000,0x000000c044a00000) (1024K)]
  0x000002bfe78e3c80 WorkerThread "GC Thread#4"                     [id=1488, stack(0x000000c044a00000,0x000000c044b00000) (1024K)]
  0x000002bfe786b060 WorkerThread "GC Thread#5"                     [id=20740, stack(0x000000c044b00000,0x000000c044c00000) (1024K)]
  0x000002bfe7b48880 WorkerThread "GC Thread#6"                     [id=18660, stack(0x000000c044c00000,0x000000c044d00000) (1024K)]
  0x000002bfe7b48c20 WorkerThread "GC Thread#7"                     [id=19528, stack(0x000000c044d00000,0x000000c044e00000) (1024K)]
  0x000002bfc394ddb0 ConcurrentGCThread "G1 Main Marker"            [id=6800, stack(0x000000c043300000,0x000000c043400000) (1024K)]
  0x000002bfc394ef60 WorkerThread "G1 Conc#0"                       [id=4136, stack(0x000000c043400000,0x000000c043500000) (1024K)]
  0x000002bfe7f82bd0 WorkerThread "G1 Conc#1"                       [id=19744, stack(0x000000c045100000,0x000000c045200000) (1024K)]
  0x000002bfe2834500 ConcurrentGCThread "G1 Refine#0"               [id=1964, stack(0x000000c043500000,0x000000c043600000) (1024K)]
  0x000002bfc399d2b0 ConcurrentGCThread "G1 Service"                [id=20912, stack(0x000000c043600000,0x000000c043700000) (1024K)]
Total: 15

Threads with active compile tasks:
Total: 0

VM state: synchronizing (normal execution)

VM Mutex/Monitor currently owned by a thread:  ([mutex/lock_event])
[0x00007ff98631a5f8] Threads_lock - owner thread: 0x000002bfe2978c60

Heap address: 0x0000000703200000, size: 4046 MB, Compressed Oops mode: Zero based, Oop shift amount: 3

CDS archive(s) mapped at: [0x000002bf80000000-0x000002bf80c90000-0x000002bf80c90000), size 13172736, SharedBaseAddress: 0x000002bf80000000, ArchiveRelocationMode: 1.
Compressed class space mapped at: 0x000002bf81000000-0x000002bfc1000000, reserved size: 1073741824
Narrow klass base: 0x000002bf80000000, Narrow klass shift: 0, Narrow klass range: 0x100000000

GC Precious Log:
 CardTable entry size: 512
 Card Set container configuration: InlinePtr #cards 4 size 8 Array Of Cards #cards 16 size 48 Howl #buckets 8 coarsen threshold 3686 Howl Bitmap #cards 512 size 80 coarsen threshold 460 Card regions per heap region 1 cards per card region 4096
 CPUs: 8 total, 8 available
 Memory: 16183M
 Large Page Support: Disabled
 NUMA Support: Disabled
 Compressed Oops: Enabled (Zero based)
 Heap Region Size: 2M
 Heap Min Capacity: 8M
 Heap Initial Capacity: 254M
 Heap Max Capacity: 4046M
 Pre-touch: Disabled
 Parallel Workers: 8
 Concurrent Workers: 2
 Concurrent Refinement Workers: 8
 Periodic GC: Disabled

Heap:
 garbage-first heap   total 81920K, used 35777K [0x0000000703200000, 0x0000000800000000)
  region size 2048K, 7 young (14336K), 2 survivors (4096K)
 Metaspace       used 77998K, committed 78784K, reserved 1179648K
  class space    used 9624K, committed 9984K, reserved 1048576K

Heap Regions: E=young(eden), S=young(survivor), O=old, HS=humongous(starts), HC=humongous(continues), CS=collection set, F=free, TAMS=top-at-mark-start, PB=parsable bottom
|   0|0x0000000703200000, 0x00000007033ffff0, 0x0000000703400000| 99%| O|  |TAMS 0x0000000703200000| PB 0x0000000703200000| Untracked 
|   1|0x0000000703400000, 0x00000007035ffff8, 0x0000000703600000| 99%| O|  |TAMS 0x0000000703400000| PB 0x0000000703400000| Untracked 
|   2|0x0000000703600000, 0x0000000703800000, 0x0000000703800000|100%| O|  |TAMS 0x0000000703600000| PB 0x0000000703600000| Untracked 
|   3|0x0000000703800000, 0x00000007039ffff0, 0x0000000703a00000| 99%| O|  |TAMS 0x0000000703800000| PB 0x0000000703800000| Untracked 
|   4|0x0000000703a00000, 0x0000000703bffff8, 0x0000000703c00000| 99%| O|  |TAMS 0x0000000703a00000| PB 0x0000000703a00000| Untracked 
|   5|0x0000000703c00000, 0x0000000703dfffd8, 0x0000000703e00000| 99%| O|  |TAMS 0x0000000703c00000| PB 0x0000000703c00000| Untracked 
|   6|0x0000000703e00000, 0x0000000703fffff8, 0x0000000704000000| 99%| O|  |TAMS 0x0000000703e00000| PB 0x0000000703e00000| Untracked 
|   7|0x0000000704000000, 0x00000007041fffe8, 0x0000000704200000| 99%| O|  |TAMS 0x0000000704000000| PB 0x0000000704000000| Untracked 
|   8|0x0000000704200000, 0x00000007043b3ca0, 0x0000000704400000| 85%| O|  |TAMS 0x0000000704200000| PB 0x0000000704200000| Untracked 
|   9|0x0000000704400000, 0x00000007045901c0, 0x0000000704600000| 78%| O|  |TAMS 0x0000000704400000| PB 0x0000000704400000| Untracked 
|  10|0x0000000704600000, 0x0000000704786e68, 0x0000000704800000| 76%| O|  |TAMS 0x0000000704600000| PB 0x0000000704600000| Untracked 
|  11|0x0000000704800000, 0x00000007049fffb0, 0x0000000704a00000| 99%| O|  |TAMS 0x0000000704800000| PB 0x0000000704800000| Untracked 
|  12|0x0000000704a00000, 0x0000000704bffff8, 0x0000000704c00000| 99%| O|  |TAMS 0x0000000704a00000| PB 0x0000000704a00000| Untracked 
|  13|0x0000000704c00000, 0x0000000704c00000, 0x0000000704e00000|  0%| F|  |TAMS 0x0000000704c00000| PB 0x0000000704c00000| Untracked 
|  14|0x0000000704e00000, 0x0000000704e00000, 0x0000000705000000|  0%| F|  |TAMS 0x0000000704e00000| PB 0x0000000704e00000| Untracked 
|  15|0x0000000705000000, 0x0000000705167400, 0x0000000705200000| 70%| S|CS|TAMS 0x0000000705000000| PB 0x0000000705000000| Complete 
|  16|0x0000000705200000, 0x00000007052be5f0, 0x0000000705400000| 37%| O|Cm|TAMS 0x0000000705200000| PB 0x0000000705200000| Complete 
|  17|0x0000000705400000, 0x0000000705600000, 0x0000000705600000|100%| S|CS|TAMS 0x0000000705400000| PB 0x0000000705400000| Complete 
|  18|0x0000000705600000, 0x0000000705600000, 0x0000000705800000|  0%| F|  |TAMS 0x0000000705600000| PB 0x0000000705600000| Untracked 
|  19|0x0000000705800000, 0x0000000705800000, 0x0000000705a00000|  0%| F|  |TAMS 0x0000000705800000| PB 0x0000000705800000| Untracked 
|  20|0x0000000705a00000, 0x0000000705a00000, 0x0000000705c00000|  0%| F|  |TAMS 0x0000000705a00000| PB 0x0000000705a00000| Untracked 
|  21|0x0000000705c00000, 0x0000000705c00000, 0x0000000705e00000|  0%| F|  |TAMS 0x0000000705c00000| PB 0x0000000705c00000| Untracked 
|  22|0x0000000705e00000, 0x0000000705e00000, 0x0000000706000000|  0%| F|  |TAMS 0x0000000705e00000| PB 0x0000000705e00000| Untracked 
|  23|0x0000000706000000, 0x0000000706000000, 0x0000000706200000|  0%| F|  |TAMS 0x0000000706000000| PB 0x0000000706000000| Untracked 
|  24|0x0000000706200000, 0x0000000706200000, 0x0000000706400000|  0%| F|  |TAMS 0x0000000706200000| PB 0x0000000706200000| Untracked 
|  25|0x0000000706400000, 0x0000000706400000, 0x0000000706600000|  0%| F|  |TAMS 0x0000000706400000| PB 0x0000000706400000| Untracked 
|  26|0x0000000706600000, 0x0000000706600000, 0x0000000706800000|  0%| F|  |TAMS 0x0000000706600000| PB 0x0000000706600000| Untracked 
|  27|0x0000000706800000, 0x0000000706800000, 0x0000000706a00000|  0%| F|  |TAMS 0x0000000706800000| PB 0x0000000706800000| Untracked 
|  28|0x0000000706a00000, 0x0000000706a00000, 0x0000000706c00000|  0%| F|  |TAMS 0x0000000706a00000| PB 0x0000000706a00000| Untracked 
|  29|0x0000000706c00000, 0x0000000706c00000, 0x0000000706e00000|  0%| F|  |TAMS 0x0000000706c00000| PB 0x0000000706c00000| Untracked 
|  30|0x0000000706e00000, 0x0000000706e00000, 0x0000000707000000|  0%| F|  |TAMS 0x0000000706e00000| PB 0x0000000706e00000| Untracked 
|  31|0x0000000707000000, 0x0000000707000000, 0x0000000707200000|  0%| F|  |TAMS 0x0000000707000000| PB 0x0000000707000000| Untracked 
|  32|0x0000000707200000, 0x0000000707200000, 0x0000000707400000|  0%| F|  |TAMS 0x0000000707200000| PB 0x0000000707200000| Untracked 
|  33|0x0000000707400000, 0x0000000707400000, 0x0000000707600000|  0%| F|  |TAMS 0x0000000707400000| PB 0x0000000707400000| Untracked 
|  34|0x0000000707600000, 0x0000000707600000, 0x0000000707800000|  0%| F|  |TAMS 0x0000000707600000| PB 0x0000000707600000| Untracked 
|  35|0x0000000707800000, 0x0000000707937610, 0x0000000707a00000| 60%| E|  |TAMS 0x0000000707800000| PB 0x0000000707800000| Complete 
|  36|0x0000000707a00000, 0x0000000707c00000, 0x0000000707c00000|100%| E|CS|TAMS 0x0000000707a00000| PB 0x0000000707a00000| Complete 
|  37|0x0000000707c00000, 0x0000000707e00000, 0x0000000707e00000|100%| E|CS|TAMS 0x0000000707c00000| PB 0x0000000707c00000| Complete 
|  38|0x0000000707e00000, 0x0000000708000000, 0x0000000708000000|100%| E|  |TAMS 0x0000000707e00000| PB 0x0000000707e00000| Complete 
| 126|0x0000000712e00000, 0x0000000713000000, 0x0000000713000000|100%| E|CS|TAMS 0x0000000712e00000| PB 0x0000000712e00000| Complete 

Card table byte_map: [0x000002bfdb840000,0x000002bfdc030000] _byte_map_base: 0x000002bfd8027000

Marking Bits: (CMBitMap*) 0x000002bfc393c640
 Bits: [0x000002bfdc030000, 0x000002bfdff68000)

Polling page: 0x000002bfc18c0000

Metaspace:

Usage:
  Non-class:     66.77 MB used.
      Class:      9.40 MB used.
       Both:     76.17 MB used.

Virtual space:
  Non-class space:      128.00 MB reserved,      67.19 MB ( 52%) committed,  2 nodes.
      Class space:        1.00 GB reserved,       9.75 MB ( <1%) committed,  1 nodes.
             Both:        1.12 GB reserved,      76.94 MB (  7%) committed. 

Chunk freelists:
   Non-Class:  12.03 MB
       Class:  6.30 MB
        Both:  18.33 MB

MaxMetaspaceSize: unlimited
CompressedClassSpaceSize: 1.00 GB
Initial GC threshold: 21.00 MB
Current GC threshold: 127.94 MB
CDS: on
 - commit_granule_bytes: 65536.
 - commit_granule_words: 8192.
 - virtual_space_node_default_size: 8388608.
 - enlarge_chunks_in_place: 1.
 - use_allocation_guard: 0.


Internal statistics:

num_allocs_failed_limit: 9.
num_arena_births: 1066.
num_arena_deaths: 14.
num_vsnodes_births: 3.
num_vsnodes_deaths: 0.
num_space_committed: 1231.
num_space_uncommitted: 0.
num_chunks_returned_to_freelist: 28.
num_chunks_taken_from_freelist: 3864.
num_chunk_merges: 11.
num_chunk_splits: 2780.
num_chunks_enlarged: 2129.
num_inconsistent_stats: 0.

CodeHeap 'non-profiled nmethods': size=120000Kb used=5673Kb max_used=5769Kb free=114326Kb
 bounds [0x000002bfd37f0000, 0x000002bfd3da0000, 0x000002bfdad20000]
CodeHeap 'profiled nmethods': size=120000Kb used=14718Kb max_used=16086Kb free=105281Kb
 bounds [0x000002bfcbd20000, 0x000002bfccce0000, 0x000002bfd3250000]
CodeHeap 'non-nmethods': size=5760Kb used=1994Kb max_used=2077Kb free=3765Kb
 bounds [0x000002bfd3250000, 0x000002bfd34c0000, 0x000002bfd37f0000]
 total_blobs=7069 nmethods=6327 adapters=645
 compilation: enabled
              stopped_count=0, restarted_count=0
 full_count=0

Compilation events (20 events):
Event: 233.925 Thread 0x000002bfe29b80a0 nmethod 9288 0x000002bfcbeff490 code [0x000002bfcbeff640, 0x000002bfcbeff838]
Event: 233.925 Thread 0x000002bfe29b80a0 9289   !   3       sun.nio.ch.NioSocketImpl::setOption (538 bytes)
Event: 233.927 Thread 0x000002bfe29b80a0 nmethod 9289 0x000002bfcca16290 code [0x000002bfcca16860, 0x000002bfcca192a8]
Event: 233.927 Thread 0x000002bfe29b4aa0 nmethod 9287 0x000002bfd3a0c790 code [0x000002bfd3a0c960, 0x000002bfd3a0d058]
Event: 233.965 Thread 0x000002bfe29b80a0 9290       1       java.util.stream.TerminalOp::getOpFlags (2 bytes)
Event: 233.965 Thread 0x000002bfe29b80a0 nmethod 9290 0x000002bfd3cbf790 code [0x000002bfd3cbf920, 0x000002bfd3cbf9e8]
Event: 234.096 Thread 0x000002bfe29b4aa0 9291       4       java.lang.invoke.VarHandleByteArrayAsInts$ArrayHandle::get (36 bytes)
Event: 234.099 Thread 0x000002bfe29b4aa0 nmethod 9291 0x000002bfd39c2a90 code [0x000002bfd39c2c20, 0x000002bfd39c2da0]
Event: 234.101 Thread 0x000002bfe29b80a0 9292       1       java.text.DecimalFormatSymbols::getZeroDigit (5 bytes)
Event: 234.101 Thread 0x000002bfe29b80a0 nmethod 9292 0x000002bfd3cc1890 code [0x000002bfd3cc1a20, 0x000002bfd3cc1af0]
Event: 234.103 Thread 0x000002bfe29b80a0 9293       1       org.postgresql.core.v3.SimpleQuery::isStatementDescribed (5 bytes)
Event: 234.103 Thread 0x000002bfe29b80a0 nmethod 9293 0x000002bfd3cd5910 code [0x000002bfd3cd5aa0, 0x000002bfd3cd5b70]
Event: 234.105 Thread 0x000002bfe29b80a0 9295       3       java.lang.Math::round (70 bytes)
Event: 234.106 Thread 0x000002bfe29b80a0 nmethod 9295 0x000002bfcbf9e290 code [0x000002bfcbf9e440, 0x000002bfcbf9e690]
Event: 234.106 Thread 0x000002bfe29b80a0 9296       3       org.postgresql.jdbc.PgConnection::addDataType (87 bytes)
Event: 234.108 Thread 0x000002bfe29b80a0 nmethod 9296 0x000002bfcbf4e690 code [0x000002bfcbf4e9e0, 0x000002bfcbf4ffc8]
Event: 234.108 Thread 0x000002bfe29b80a0 9294       3       org.postgresql.core.SqlCommand::<init> (83 bytes)
Event: 234.108 Thread 0x000002bfe29b80a0 nmethod 9294 0x000002bfcc18f190 code [0x000002bfcc18f340, 0x000002bfcc18f748]
Event: 234.186 Thread 0x000002bfe29b80a0 9297       3       java.util.Calendar::setFieldsComputed (118 bytes)
Event: 234.187 Thread 0x000002bfe29b80a0 nmethod 9297 0x000002bfcc178f10 code [0x000002bfcc179100, 0x000002bfcc1795a8]

GC Heap History (20 events):
Event: 5.143 GC heap before
{Heap before GC invocations=16 (full 0):
 garbage-first heap   total 81920K, used 34462K [0x0000000703200000, 0x0000000800000000)
  region size 2048K, 8 young (16384K), 3 survivors (6144K)
 Metaspace       used 59542K, committed 60160K, reserved 1114112K
  class space    used 7784K, committed 8064K, reserved 1048576K
}
Event: 5.147 GC heap after
{Heap after GC invocations=17 (full 0):
 garbage-first heap   total 81920K, used 26832K [0x0000000703200000, 0x0000000800000000)
  region size 2048K, 2 young (4096K), 2 survivors (4096K)
 Metaspace       used 59542K, committed 60160K, reserved 1114112K
  class space    used 7784K, committed 8064K, reserved 1048576K
}
Event: 10.569 GC heap before
{Heap before GC invocations=18 (full 0):
 garbage-first heap   total 81920K, used 71888K [0x0000000703200000, 0x0000000800000000)
  region size 2048K, 24 young (49152K), 2 survivors (4096K)
 Metaspace       used 62606K, committed 63296K, reserved 1114112K
  class space    used 8256K, committed 8576K, reserved 1048576K
}
Event: 10.572 GC heap after
{Heap after GC invocations=19 (full 0):
 garbage-first heap   total 81920K, used 29866K [0x0000000703200000, 0x0000000800000000)
  region size 2048K, 3 young (6144K), 3 survivors (6144K)
 Metaspace       used 62606K, committed 63296K, reserved 1114112K
  class space    used 8256K, committed 8576K, reserved 1048576K
}
Event: 10.780 GC heap before
{Heap before GC invocations=19 (full 0):
 garbage-first heap   total 81920K, used 68778K [0x0000000703200000, 0x0000000800000000)
  region size 2048K, 23 young (47104K), 3 survivors (6144K)
 Metaspace       used 66852K, committed 67584K, reserved 1114112K
  class space    used 8812K, committed 9152K, reserved 1048576K
}
Event: 10.789 GC heap after
{Heap after GC invocations=20 (full 0):
 garbage-first heap   total 81920K, used 30340K [0x0000000703200000, 0x0000000800000000)
  region size 2048K, 3 young (6144K), 3 survivors (6144K)
 Metaspace       used 66852K, committed 67584K, reserved 1114112K
  class space    used 8812K, committed 9152K, reserved 1048576K
}
Event: 11.002 GC heap before
{Heap before GC invocations=20 (full 0):
 garbage-first heap   total 81920K, used 67204K [0x0000000703200000, 0x0000000800000000)
  region size 2048K, 22 young (45056K), 3 survivors (6144K)
 Metaspace       used 70792K, committed 71488K, reserved 1114112K
  class space    used 9120K, committed 9408K, reserved 1048576K
}
Event: 11.005 GC heap after
{Heap after GC invocations=21 (full 0):
 garbage-first heap   total 81920K, used 31360K [0x0000000703200000, 0x0000000800000000)
  region size 2048K, 2 young (4096K), 2 survivors (4096K)
 Metaspace       used 70792K, committed 71488K, reserved 1114112K
  class space    used 9120K, committed 9408K, reserved 1048576K
}
Event: 11.309 GC heap before
{Heap before GC invocations=21 (full 0):
 garbage-first heap   total 81920K, used 68224K [0x0000000703200000, 0x0000000800000000)
  region size 2048K, 21 young (43008K), 2 survivors (4096K)
 Metaspace       used 74838K, committed 75520K, reserved 1179648K
  class space    used 9471K, committed 9792K, reserved 1048576K
}
Event: 11.311 GC heap after
{Heap after GC invocations=22 (full 0):
 garbage-first heap   total 81920K, used 32568K [0x0000000703200000, 0x0000000800000000)
  region size 2048K, 2 young (4096K), 2 survivors (4096K)
 Metaspace       used 74838K, committed 75520K, reserved 1179648K
  class space    used 9471K, committed 9792K, reserved 1048576K
}
Event: 64.253 GC heap before
{Heap before GC invocations=23 (full 0):
 garbage-first heap   total 81920K, used 51000K [0x0000000703200000, 0x0000000800000000)
  region size 2048K, 13 young (26624K), 2 survivors (4096K)
 Metaspace       used 76135K, committed 76928K, reserved 1179648K
  class space    used 9585K, committed 9920K, reserved 1048576K
}
Event: 64.286 GC heap after
{Heap after GC invocations=24 (full 1):
 garbage-first heap   total 81920K, used 25681K [0x0000000703200000, 0x0000000800000000)
  region size 2048K, 0 young (0K), 0 survivors (0K)
 Metaspace       used 76105K, committed 76928K, reserved 1179648K
  class space    used 9582K, committed 9920K, reserved 1048576K
}
Event: 64.682 GC heap before
{Heap before GC invocations=24 (full 1):
 garbage-first heap   total 81920K, used 70737K [0x0000000703200000, 0x0000000800000000)
  region size 2048K, 22 young (45056K), 0 survivors (0K)
 Metaspace       used 76584K, committed 77312K, reserved 1179648K
  class space    used 9602K, committed 9920K, reserved 1048576K
}
Event: 64.684 GC heap after
{Heap after GC invocations=25 (full 1):
 garbage-first heap   total 81920K, used 28753K [0x0000000703200000, 0x0000000800000000)
  region size 2048K, 2 young (4096K), 2 survivors (4096K)
 Metaspace       used 76584K, committed 77312K, reserved 1179648K
  class space    used 9602K, committed 9920K, reserved 1048576K
}
Event: 73.360 GC heap before
{Heap before GC invocations=26 (full 1):
 garbage-first heap   total 81920K, used 65617K [0x0000000703200000, 0x0000000800000000)
  region size 2048K, 21 young (43008K), 2 survivors (4096K)
 Metaspace       used 77180K, committed 77888K, reserved 1179648K
  class space    used 9614K, committed 9920K, reserved 1048576K
}
Event: 73.364 GC heap after
{Heap after GC invocations=27 (full 1):
 garbage-first heap   total 81920K, used 31559K [0x0000000703200000, 0x0000000800000000)
  region size 2048K, 3 young (6144K), 3 survivors (6144K)
 Metaspace       used 77180K, committed 77888K, reserved 1179648K
  class space    used 9614K, committed 9920K, reserved 1048576K
}
Event: 232.713 GC heap before
{Heap before GC invocations=27 (full 1):
 garbage-first heap   total 81920K, used 43847K [0x0000000703200000, 0x0000000800000000)
  region size 2048K, 10 young (20480K), 3 survivors (6144K)
 Metaspace       used 77567K, committed 78272K, reserved 1179648K
  class space    used 9618K, committed 9920K, reserved 1048576K
}
Event: 232.746 GC heap after
{Heap after GC invocations=28 (full 2):
 garbage-first heap   total 81920K, used 26148K [0x0000000703200000, 0x0000000800000000)
  region size 2048K, 0 young (0K), 0 survivors (0K)
 Metaspace       used 77535K, committed 78272K, reserved 1179648K
  class space    used 9614K, committed 9920K, reserved 1048576K
}
Event: 233.112 GC heap before
{Heap before GC invocations=28 (full 2):
 garbage-first heap   total 81920K, used 69156K [0x0000000703200000, 0x0000000800000000)
  region size 2048K, 22 young (45056K), 0 survivors (0K)
 Metaspace       used 77825K, committed 78592K, reserved 1179648K
  class space    used 9620K, committed 9984K, reserved 1048576K
}
Event: 233.117 GC heap after
{Heap after GC invocations=29 (full 2):
 garbage-first heap   total 81920K, used 29633K [0x0000000703200000, 0x0000000800000000)
  region size 2048K, 2 young (4096K), 2 survivors (4096K)
 Metaspace       used 77825K, committed 78592K, reserved 1179648K
  class space    used 9620K, committed 9984K, reserved 1048576K
}

Dll operation events (13 events):
Event: 0.010 Loaded shared library D:\PIE\Java 21\bin\java.dll
Event: 0.041 Loaded shared library D:\PIE\Java 21\bin\jsvml.dll
Event: 0.202 Loaded shared library D:\PIE\Java 21\bin\zip.dll
Event: 0.208 Loaded shared library D:\PIE\Java 21\bin\instrument.dll
Event: 0.211 Loaded shared library D:\PIE\Java 21\bin\net.dll
Event: 0.212 Loaded shared library D:\PIE\Java 21\bin\nio.dll
Event: 0.214 Loaded shared library D:\PIE\Java 21\bin\zip.dll
Event: 0.328 Loaded shared library D:\PIE\Java 21\bin\jimage.dll
Event: 0.362 Loaded shared library D:\PIE\Java 21\bin\verify.dll
Event: 0.695 Loaded shared library D:\PIE\Java 21\bin\management.dll
Event: 0.697 Loaded shared library D:\PIE\Java 21\bin\management_ext.dll
Event: 1.486 Loaded shared library D:\PIE\Java 21\bin\sunmscapi.dll
Event: 3.864 Loaded shared library D:\PIE\Java 21\bin\extnet.dll

Deoptimization events (20 events):
Event: 233.289 Thread 0x000002bfe2b31ae0 DEOPT PACKING pc=0x000002bfcc3cc949 sp=0x000000c042ffcbe0
Event: 233.289 Thread 0x000002bfe2b31ae0 DEOPT UNPACKING pc=0x000002bfd32a88e2 sp=0x000000c042ffc0b8 mode 1
Event: 233.289 Thread 0x000002bfe2b31ae0 DEOPT PACKING pc=0x000002bfcc3cb224 sp=0x000000c042ffcc70
Event: 233.289 Thread 0x000002bfe2b31ae0 DEOPT UNPACKING pc=0x000002bfd32a88e2 sp=0x000000c042ffc220 mode 1
Event: 233.289 Thread 0x000002bfe2b31ae0 DEOPT PACKING pc=0x000002bfcc6ac874 sp=0x000000c042ffcde0
Event: 233.289 Thread 0x000002bfe2b31ae0 DEOPT UNPACKING pc=0x000002bfd32a88e2 sp=0x000000c042ffc380 mode 1
Event: 233.291 Thread 0x000002bfe2b31ae0 DEOPT PACKING pc=0x000002bfcc3cc949 sp=0x000000c042ffcf50
Event: 233.291 Thread 0x000002bfe2b31ae0 DEOPT UNPACKING pc=0x000002bfd32a88e2 sp=0x000000c042ffc428 mode 1
Event: 233.291 Thread 0x000002bfe2b31ae0 DEOPT PACKING pc=0x000002bfcc3cb224 sp=0x000000c042ffcfe0
Event: 233.291 Thread 0x000002bfe2b31ae0 DEOPT UNPACKING pc=0x000002bfd32a88e2 sp=0x000000c042ffc590 mode 1
Event: 233.291 Thread 0x000002bfe2b31ae0 DEOPT PACKING pc=0x000002bfcc6ac874 sp=0x000000c042ffd150
Event: 233.291 Thread 0x000002bfe2b31ae0 DEOPT UNPACKING pc=0x000002bfd32a88e2 sp=0x000000c042ffc6f0 mode 1
Event: 233.291 Thread 0x000002bfe2b31ae0 DEOPT PACKING pc=0x000002bfcc3cc949 sp=0x000000c042ffcf50
Event: 233.291 Thread 0x000002bfe2b31ae0 DEOPT UNPACKING pc=0x000002bfd32a88e2 sp=0x000000c042ffc428 mode 1
Event: 233.291 Thread 0x000002bfe2b31ae0 DEOPT PACKING pc=0x000002bfcc3cb224 sp=0x000000c042ffcfe0
Event: 233.291 Thread 0x000002bfe2b31ae0 DEOPT UNPACKING pc=0x000002bfd32a88e2 sp=0x000000c042ffc590 mode 1
Event: 233.291 Thread 0x000002bfe2b31ae0 DEOPT PACKING pc=0x000002bfcc6ac874 sp=0x000000c042ffd150
Event: 233.291 Thread 0x000002bfe2b31ae0 DEOPT UNPACKING pc=0x000002bfd32a88e2 sp=0x000000c042ffc6f0 mode 1
Event: 247.550 Thread 0x000002bfe2b31ae0 DEOPT PACKING pc=0x000002bfcc0ebc7c sp=0x000000c042ffde30
Event: 247.550 Thread 0x000002bfe2b31ae0 DEOPT UNPACKING pc=0x000002bfd32a88e2 sp=0x000000c042ffd2e8 mode 0

Classes loaded (20 events):
Event: 64.661 Loading class java/io/ObjectInputFilter$Config$BuiltinFilterFactory
Event: 64.661 Loading class java/io/ObjectInputFilter$Config$BuiltinFilterFactory done
Event: 64.661 Loading class jdk/internal/access/JavaObjectInputFilterAccess
Event: 64.661 Loading class jdk/internal/access/JavaObjectInputFilterAccess done
Event: 64.661 Loading class jdk/internal/event/DeserializationEvent
Event: 64.661 Loading class jdk/internal/event/DeserializationEvent done
Event: 64.662 Loading class java/io/ObjectInputStream$FieldValues
Event: 64.662 Loading class java/io/ObjectInputStream$GetField
Event: 64.662 Loading class java/io/ObjectInputStream$GetField done
Event: 64.662 Loading class java/io/ObjectInputStream$FieldValues done
Event: 73.233 Loading class java/lang/ObjectBeanInfo
Event: 73.233 Loading class java/lang/ObjectBeanInfo done
Event: 73.233 Loading class java/lang/ObjectBeanInfo
Event: 73.233 Loading class java/lang/ObjectBeanInfo done
Event: 73.234 Loading class java/lang/ObjectCustomizer
Event: 73.234 Loading class java/lang/ObjectCustomizer done
Event: 73.234 Loading class java/lang/ObjectCustomizer
Event: 73.234 Loading class java/lang/ObjectCustomizer done
Event: 233.293 Loading class java/lang/invoke/WrongMethodTypeException
Event: 233.293 Loading class java/lang/invoke/WrongMethodTypeException done

Classes unloaded (7 events):
Event: 64.263 Thread 0x000002bfe2978c60 Unloading class 0x000002bf819a4800 'org/apache/jsp/jsp/custom/user/users_jsp'
Event: 64.263 Thread 0x000002bfe2978c60 Unloading class 0x000002bf81998800 'org/apache/jsp/jsp/custom/user/users_jsp'
Event: 64.263 Thread 0x000002bfe2978c60 Unloading class 0x000002bf81998000 'org/apache/jsp/jsp/layout/common_005flayout_jsp'
Event: 232.723 Thread 0x000002bfe2978c60 Unloading class 0x000002bf819ad000 'org/apache/jsp/jsp/custom/user/users_jsp'
Event: 232.723 Thread 0x000002bfe2978c60 Unloading class 0x000002bf819ac800 'org/apache/jsp/jsp/layout/common_005flayout_jsp'
Event: 232.723 Thread 0x000002bfe2978c60 Unloading class 0x000002bf819ac000 'org/apache/jsp/jsp/index_jsp'
Event: 232.723 Thread 0x000002bfe2978c60 Unloading class 0x000002bf819a9800 'org/apache/catalina/loader/JdbcLeakPrevention'

Classes redefined (0 events):
No events

Internal exceptions (20 events):
Event: 73.248 Thread 0x000002bfef48c6a0 Exception <a 'java/lang/ClassNotFoundException'{0x0000000706112b08}: jakarta/servlet/ServletRequestBeanInfo> (0x0000000706112b08) 
thrown [s\open\src\hotspot\share\classfile\systemDictionary.cpp, line 312]
Event: 73.249 Thread 0x000002bfef48c6a0 Exception <a 'java/lang/ClassNotFoundException'{0x0000000706118688}: jakarta/servlet/ServletRequestCustomizer> (0x0000000706118688) 
thrown [s\open\src\hotspot\share\classfile\systemDictionary.cpp, line 312]
Event: 73.303 Thread 0x000002bfef491560 Exception <a 'java/lang/ClassNotFoundException'{0x0000000705e20c48}: org/apache/taglibs/standard/tag/rt/core/SetTagBeanInfo> (0x0000000705e20c48) 
thrown [s\open\src\hotspot\share\classfile\systemDictionary.cpp, line 312]
Event: 73.306 Thread 0x000002bfef491560 Exception <a 'java/lang/ClassNotFoundException'{0x0000000705e27718}: org/apache/taglibs/standard/tag/common/core/SetSupportBeanInfo> (0x0000000705e27718) 
thrown [s\open\src\hotspot\share\classfile\systemDictionary.cpp, line 312]
Event: 73.307 Thread 0x000002bfef491560 Exception <a 'java/lang/ClassNotFoundException'{0x0000000705e2e0f8}: jakarta/servlet/jsp/tagext/BodyTagSupportBeanInfo> (0x0000000705e2e0f8) 
thrown [s\open\src\hotspot\share\classfile\systemDictionary.cpp, line 312]
Event: 73.308 Thread 0x000002bfef491560 Exception <a 'java/lang/ClassNotFoundException'{0x0000000705e348c8}: jakarta/servlet/jsp/tagext/TagSupportBeanInfo> (0x0000000705e348c8) 
thrown [s\open\src\hotspot\share\classfile\systemDictionary.cpp, line 312]
Event: 73.309 Thread 0x000002bfef491560 Exception <a 'java/lang/ClassNotFoundException'{0x0000000705e3b1c0}: jakarta/servlet/jsp/tagext/TagSupportCustomizer> (0x0000000705e3b1c0) 
thrown [s\open\src\hotspot\share\classfile\systemDictionary.cpp, line 312]
Event: 73.310 Thread 0x000002bfef491560 Exception <a 'java/lang/ClassNotFoundException'{0x0000000705e4b7f8}: jakarta/servlet/jsp/tagext/BodyTagSupportCustomizer> (0x0000000705e4b7f8) 
thrown [s\open\src\hotspot\share\classfile\systemDictionary.cpp, line 312]
Event: 73.311 Thread 0x000002bfef491560 Exception <a 'java/lang/ClassNotFoundException'{0x0000000705e59870}: org/apache/taglibs/standard/tag/common/core/SetSupportCustomizer> (0x0000000705e59870) 
thrown [s\open\src\hotspot\share\classfile\systemDictionary.cpp, line 312]
Event: 73.312 Thread 0x000002bfef491560 Exception <a 'java/lang/ClassNotFoundException'{0x0000000705e64ee0}: org/apache/taglibs/standard/tag/rt/core/SetTagCustomizer> (0x0000000705e64ee0) 
thrown [s\open\src\hotspot\share\classfile\systemDictionary.cpp, line 312]
Event: 232.713 Thread 0x000002bfed5597b0 Exception <a 'java/lang/InterruptedException'{0x000000070749a438}: sleep interrupted> (0x000000070749a438) 
thrown [s\open\src\hotspot\share\prims\jvm.cpp, line 3074]
Event: 232.756 Thread 0x000002bfe2b31ae0 Exception <a 'sun/nio/fs/WindowsException'{0x0000000712ed48b8}> (0x0000000712ed48b8) 
thrown [s\open\src\hotspot\share\prims\jni.cpp, line 520]
Event: 232.952 Thread 0x000002bfe2b31ae0 Implicit null exception at 0x000002bfd3c7a637 to 0x000002bfd3c7bc7c
Event: 232.982 Thread 0x000002bfe2b31ae0 Exception <a 'java/lang/NoClassDefFoundError'{0x0000000706cf9c50}: org/flywaydb/core/Flyway> (0x0000000706cf9c50) 
thrown [s\open\src\hotspot\share\oops\constantPool.cpp, line 871]
Event: 232.982 Thread 0x000002bfe2b31ae0 Exception <a 'java/lang/NoClassDefFoundError'{0x0000000706cfa2b0}: liquibase/integration/spring/SpringLiquibase> (0x0000000706cfa2b0) 
thrown [s\open\src\hotspot\share\oops\constantPool.cpp, line 871]
Event: 232.985 Thread 0x000002bfe2b31ae0 Exception <a 'java/lang/NoClassDefFoundError'{0x0000000706d40958}: org/jooq/DSLContext> (0x0000000706d40958) 
thrown [s\open\src\hotspot\share\oops\constantPool.cpp, line 871]
Event: 232.986 Thread 0x000002bfe2b31ae0 Exception <a 'java/lang/NoClassDefFoundError'{0x0000000706d47ab0}: org/springframework/batch/core/repository/JobRepository> (0x0000000706d47ab0) 
thrown [s\open\src\hotspot\share\oops\constantPool.cpp, line 871]
Event: 232.986 Thread 0x000002bfe2b31ae0 Exception <a 'java/lang/NoClassDefFoundError'{0x0000000706d48108}: org/quartz/Scheduler> (0x0000000706d48108) 
thrown [s\open\src\hotspot\share\oops\constantPool.cpp, line 871]
Event: 232.986 Thread 0x000002bfe2b31ae0 Exception <a 'java/lang/NoClassDefFoundError'{0x0000000706d48788}: org/springframework/session/jdbc/JdbcIndexedSessionRepository> (0x0000000706d48788) 
thrown [s\open\src\hotspot\share\oops\constantPool.cpp, line 871]
Event: 233.031 Thread 0x000002bfe2b31ae0 Exception <a 'java/io/FileNotFoundException'{0x00000007067f7f98}> (0x00000007067f7f98) 
thrown [s\open\src\hotspot\share\prims\jni.cpp, line 520]

ZGC Phase Switch (0 events):
No events

VM Operations (20 events):
Event: 247.608 Executing VM operation: get/set locals
Event: 247.608 Executing VM operation: get/set locals done
Event: 247.608 Executing VM operation: get/set locals
Event: 247.608 Executing VM operation: get/set locals done
Event: 247.609 Executing VM operation: get/set locals
Event: 247.609 Executing VM operation: get/set locals done
Event: 247.609 Executing VM operation: get/set locals
Event: 247.609 Executing VM operation: get/set locals done
Event: 247.609 Executing VM operation: get/set locals
Event: 247.609 Executing VM operation: get/set locals done
Event: 247.609 Executing VM operation: get/set locals
Event: 247.609 Executing VM operation: get/set locals done
Event: 247.610 Executing VM operation: get/set locals
Event: 247.610 Executing VM operation: get/set locals done
Event: 247.610 Executing VM operation: get/set locals
Event: 247.610 Executing VM operation: get/set locals done
Event: 247.610 Executing VM operation: get/set locals
Event: 247.611 Executing VM operation: get/set locals done
Event: 247.611 Executing VM operation: get/set locals
Event: 247.611 Executing VM operation: get/set locals done

Events (20 events):
Event: 233.146 Thread 0x000002bfe2978c60 flushing nmethod 0x000002bfd381cd10
Event: 233.146 Thread 0x000002bfe2978c60 flushing nmethod 0x000002bfd382aa90
Event: 233.146 Thread 0x000002bfe2978c60 flushing nmethod 0x000002bfd381f090
Event: 233.146 Thread 0x000002bfe2978c60 flushing nmethod 0x000002bfd381ed90
Event: 233.146 Thread 0x000002bfe2978c60 flushing nmethod 0x000002bfd381e310
Event: 233.146 Thread 0x000002bfe2978c60 flushing nmethod 0x000002bfd381da90
Event: 233.146 Thread 0x000002bfe2978c60 flushing nmethod 0x000002bfd381d010
Event: 233.146 Thread 0x000002bfe2978c60 flushing nmethod 0x000002bfd3813790
Event: 233.146 Thread 0x000002bfe2978c60 flushing nmethod 0x000002bfd3812d90
Event: 233.146 Thread 0x000002bfe2978c60 flushing nmethod 0x000002bfd380c090
Event: 233.146 Thread 0x000002bfe2978c60 flushing nmethod 0x000002bfd37fce10
Event: 233.146 Thread 0x000002bfe2978c60 flushing nmethod 0x000002bfd37fcb10
Event: 233.146 Thread 0x000002bfe2978c60 flushing nmethod 0x000002bfd37f5b10
Event: 233.146 Thread 0x000002bfe2978c60 flushing nmethod 0x000002bfd37f7a10
Event: 233.146 Thread 0x000002bfe2978c60 flushing nmethod 0x000002bfd37f7410
Event: 233.201 Thread 0x000002bfef48b980 Thread added: 0x000002bfef48b980
Event: 233.308 Thread 0x000002bfef48c6a0 Thread added: 0x000002bfef48c6a0
Event: 233.505 Thread 0x000002bfeec063c0 Thread exited: 0x000002bfeec063c0
Event: 233.505 Thread 0x000002bfeec0b580 Thread exited: 0x000002bfeec0b580
Event: 239.238 Thread 0x000002bfef48c6a0 Thread exited: 0x000002bfef48c6a0


Dynamic libraries:
0x00007ff758ca0000 - 0x00007ff758cae000 	D:\PIE\Java 21\bin\javaw.exe
0x00007ffa1dd90000 - 0x00007ffa1df88000 	C:\Windows\SYSTEM32\ntdll.dll
0x00007ffa1d220000 - 0x00007ffa1d2dd000 	C:\Windows\System32\KERNEL32.DLL
0x00007ffa1bac0000 - 0x00007ffa1bdb6000 	C:\Windows\System32\KERNELBASE.dll
0x00007ffa1b440000 - 0x00007ffa1b540000 	C:\Windows\System32\ucrtbase.dll
0x00007ffa16b10000 - 0x00007ffa16b28000 	D:\PIE\Java 21\bin\jli.dll
0x00007ffa14a40000 - 0x00007ffa14a5b000 	D:\PIE\Java 21\bin\VCRUNTIME140.dll
0x00007ffa1d800000 - 0x00007ffa1d99f000 	C:\Windows\System32\USER32.dll
0x00007ffa1b710000 - 0x00007ffa1b732000 	C:\Windows\System32\win32u.dll
0x00007ffa1d760000 - 0x00007ffa1d78b000 	C:\Windows\System32\GDI32.dll
0x00007ffa1b540000 - 0x00007ffa1b657000 	C:\Windows\System32\gdi32full.dll
0x00007ffa1b8f0000 - 0x00007ffa1b98d000 	C:\Windows\System32\msvcp_win.dll
0x00007ffa0b5f0000 - 0x00007ffa0b88a000 	C:\Windows\WinSxS\amd64_microsoft.windows.common-controls_6595b64144ccf1df_6.0.19041.4355_none_60b8b9eb71f62e16\COMCTL32.dll
0x00007ffa1d180000 - 0x00007ffa1d21e000 	C:\Windows\System32\msvcrt.dll
0x00007ffa1dc40000 - 0x00007ffa1dc72000 	C:\Windows\System32\IMM32.DLL
0x00007ffa16aa0000 - 0x00007ffa16aac000 	D:\PIE\Java 21\bin\vcruntime140_1.dll
0x00007ff9eae50000 - 0x00007ff9eaede000 	D:\PIE\Java 21\bin\msvcp140.dll
0x00007ff9856e0000 - 0x00007ff9863f5000 	D:\PIE\Java 21\bin\server\jvm.dll
0x00007ffa1be50000 - 0x00007ffa1bf00000 	C:\Windows\System32\ADVAPI32.dll
0x00007ffa1ce50000 - 0x00007ffa1cef0000 	C:\Windows\System32\sechost.dll
0x00007ffa1cf70000 - 0x00007ffa1d093000 	C:\Windows\System32\RPCRT4.dll
0x00007ffa1b990000 - 0x00007ffa1b9b7000 	C:\Windows\System32\bcrypt.dll
0x00007ffa1d790000 - 0x00007ffa1d7fb000 	C:\Windows\System32\WS2_32.dll
0x00007ffa1a980000 - 0x00007ffa1a9cb000 	C:\Windows\SYSTEM32\POWRPROF.dll
0x00007ffa12b50000 - 0x00007ffa12b5a000 	C:\Windows\SYSTEM32\VERSION.dll
0x00007ffa0b890000 - 0x00007ffa0b8b7000 	C:\Windows\SYSTEM32\WINMM.dll
0x00007ffa1a830000 - 0x00007ffa1a842000 	C:\Windows\SYSTEM32\UMPDC.dll
0x00007ffa19c80000 - 0x00007ffa19c92000 	C:\Windows\SYSTEM32\kernel.appcore.dll
0x00007ffa12ca0000 - 0x00007ffa12caa000 	D:\PIE\Java 21\bin\jimage.dll
0x00007ffa19960000 - 0x00007ffa19b44000 	C:\Windows\SYSTEM32\DBGHELP.DLL
0x00007ffa0be80000 - 0x00007ffa0beb4000 	C:\Windows\SYSTEM32\dbgcore.DLL
0x00007ffa1ba30000 - 0x00007ffa1bab2000 	C:\Windows\System32\bcryptPrimitives.dll
0x00007ff9fc100000 - 0x00007ff9fc13c000 	D:\PIE\Java 21\bin\jdwp.dll
0x00007ffa11270000 - 0x00007ffa1127f000 	D:\PIE\Java 21\bin\instrument.dll
0x00007ff9ffe30000 - 0x00007ff9ffe4f000 	D:\PIE\Java 21\bin\java.dll
0x00007ffa1c1a0000 - 0x00007ffa1c90b000 	C:\Windows\System32\SHELL32.dll
0x00007ffa190f0000 - 0x00007ffa1988d000 	C:\Windows\SYSTEM32\windows.storage.dll
0x00007ffa1caf0000 - 0x00007ffa1ce43000 	C:\Windows\System32\combase.dll
0x00007ffa1ae60000 - 0x00007ffa1ae8e000 	C:\Windows\SYSTEM32\Wldp.dll
0x00007ffa1d9c0000 - 0x00007ffa1da8d000 	C:\Windows\System32\OLEAUT32.dll
0x00007ffa1c030000 - 0x00007ffa1c0dd000 	C:\Windows\System32\SHCORE.dll
0x00007ffa1dcf0000 - 0x00007ffa1dd45000 	C:\Windows\System32\shlwapi.dll
0x00007ffa1b370000 - 0x00007ffa1b394000 	C:\Windows\SYSTEM32\profapi.dll
0x00007ff9ea530000 - 0x00007ff9ea607000 	D:\PIE\Java 21\bin\jsvml.dll
0x00007ffa10240000 - 0x00007ffa1024c000 	D:\PIE\Java 21\bin\dt_socket.dll
0x00007ffa1a850000 - 0x00007ffa1a88b000 	C:\Windows\SYSTEM32\IPHLPAPI.DLL
0x00007ffa1abc0000 - 0x00007ffa1ac2a000 	C:\Windows\system32\mswsock.dll
0x00007ffa1a890000 - 0x00007ffa1a95b000 	C:\Windows\SYSTEM32\DNSAPI.dll
0x00007ffa1dc80000 - 0x00007ffa1dc88000 	C:\Windows\System32\NSI.dll
0x00007ffa12800000 - 0x00007ffa1280a000 	C:\Windows\System32\rasadhlp.dll
0x00007ffa11630000 - 0x00007ffa116b0000 	C:\Windows\System32\fwpuclnt.dll
0x00007ff9f91b0000 - 0x00007ff9f91c8000 	D:\PIE\Java 21\bin\zip.dll
0x00007ffa0bec0000 - 0x00007ffa0bed0000 	D:\PIE\Java 21\bin\net.dll
0x00007ffa15c50000 - 0x00007ffa15d5a000 	C:\Windows\SYSTEM32\WINHTTP.dll
0x00007ff9f33b0000 - 0x00007ff9f33c6000 	D:\PIE\Java 21\bin\nio.dll
0x00007ffa07740000 - 0x00007ffa07750000 	D:\PIE\Java 21\bin\verify.dll
0x00007ffa07510000 - 0x00007ffa0751a000 	D:\PIE\Java 21\bin\management.dll
0x00007ffa04620000 - 0x00007ffa0462b000 	D:\PIE\Java 21\bin\management_ext.dll
0x00007ffa1d750000 - 0x00007ffa1d758000 	C:\Windows\System32\PSAPI.DLL
0x00007ff9fff00000 - 0x00007ff9fff0e000 	D:\PIE\Java 21\bin\sunmscapi.dll
0x00007ffa1b790000 - 0x00007ffa1b8ee000 	C:\Windows\System32\CRYPT32.dll
0x00007ffa1aed0000 - 0x00007ffa1aef9000 	C:\Windows\SYSTEM32\ncrypt.dll
0x00007ffa1ae90000 - 0x00007ffa1aecb000 	C:\Windows\SYSTEM32\NTASN1.dll
0x00007ffa1adb0000 - 0x00007ffa1adc8000 	C:\Windows\SYSTEM32\CRYPTSP.dll
0x00007ffa1a470000 - 0x00007ffa1a4a4000 	C:\Windows\system32\rsaenh.dll
0x00007ffa1b320000 - 0x00007ffa1b34e000 	C:\Windows\SYSTEM32\USERENV.dll
0x00007ffa1add0000 - 0x00007ffa1addc000 	C:\Windows\SYSTEM32\CRYPTBASE.dll
0x00007ff9ffe20000 - 0x00007ff9ffe27000 	D:\PIE\Java 21\bin\extnet.dll
0x00007ff9d4300000 - 0x00007ff9d4307000 	C:\Windows\system32\wshunix.dll

dbghelp: loaded successfully - version: 4.0.5 - missing functions: none
symbol engine: initialized successfully - sym options: 0x614 - pdb path: .;D:\PIE\Java 21\bin;C:\Windows\SYSTEM32;C:\Windows\WinSxS\amd64_microsoft.windows.common-controls_6595b64144ccf1df_6.0.19041.4355_none_60b8b9eb71f62e16;D:\PIE\Java 21\bin\server

VM Arguments:
jvm_args: -XX:+ShowCodeDetailsInExceptionMessages -agentlib:jdwp=transport=dt_socket,suspend=y,address=localhost:62823 -javaagent:C:\Users\jwkim-pc\eclipse\jee-2023-09\eclipse\configuration\org.eclipse.osgi\435\0\.cp\lib\javaagent-shaded.jar -Dfile.encoding=UTF-8 -Dstdout.encoding=UTF-8 -Dstderr.encoding=UTF-8 
java_command: com.sjc.SJC_V1.SjcV1Application
java_class_path (initial): D:\workspace2\Servers\SJC_V1\target\classes;C:\Users\jwkim-pc\.m2\repository\org\springframework\boot\spring-boot-starter\3.3.0\spring-boot-starter-3.3.0.jar;C:\Users\jwkim-pc\.m2\repository\org\springframework\boot\spring-boot-starter-logging\3.3.0\spring-boot-starter-logging-3.3.0.jar;C:\Users\jwkim-pc\.m2\repository\ch\qos\logback\logback-classic\1.5.6\logback-classic-1.5.6.jar;C:\Users\jwkim-pc\.m2\repository\ch\qos\logback\logback-core\1.5.6\logback-core-1.5.6.jar;C:\Users\jwkim-pc\.m2\repository\org\apache\logging\log4j\log4j-to-slf4j\2.23.1\log4j-to-slf4j-2.23.1.jar;C:\Users\jwkim-pc\.m2\repository\org\apache\logging\log4j\log4j-api\2.23.1\log4j-api-2.23.1.jar;C:\Users\jwkim-pc\.m2\repository\org\slf4j\jul-to-slf4j\2.0.13\jul-to-slf4j-2.0.13.jar;C:\Users\jwkim-pc\.m2\repository\org\yaml\snakeyaml\2.2\snakeyaml-2.2.jar;C:\Users\jwkim-pc\.m2\repository\org\slf4j\slf4j-api\2.0.13\slf4j-api-2.0.13.jar;C:\Users\jwkim-pc\.m2\repository\jakarta\xml\bind\jakarta.xml.bind-api\4.0.2\jakarta.xml.bind-api-4.0.2.jar;C:\Users\jwkim-pc\.m2\repository\jakarta\activation\jakarta.activation-api\2.1.3\jakarta.activation-api-2.1.3.jar;C:\Users\jwkim-pc\.m2\repository\net\bytebuddy\byte-buddy\1.14.16\byte-buddy-1.14.16.jar;C:\Users\jwkim-pc\.m2\repository\org\springframework\spring-core\6.1.8\spring-core-6.1.8.jar;C:\Users\jwkim-pc\.m2\repository\org\springframework\spring-jcl\6.1.8\spring-jcl-6.1.8.jar;C:\Users\jwkim-pc\.m2\repository\org\springframework\boot\spring-boot-starter-data-jpa\3.3.0\spring-boot-starter-data-jpa-3.3.0.jar;C:\Users\jwkim-pc\.m2\repository\org\springframework\boot\spring-boot-starter-aop\3.3.0\spring-boot-starter-aop-3.3.0.jar;C:\Users\jwkim-pc\.m2\repository\org\springframework\spring-aop\6.1.8\spring-aop-6.1.8.jar;C:\Users\jwkim-pc\.m2\repository\org\aspectj\aspectjweaver\1.9.22\aspectjweaver-1.9.22.jar;C:\Users\jwkim-pc\.m2\repository\org\springframework\boot\spring-boot-starter-jdbc\3.3.0\spring-boot-starter-jdbc-3.3.0.jar;C:\Users\jwkim-pc\.m2\repository\com\zaxxer\HikariCP\5.1.0\HikariCP-5.1.0.jar;C:\Users\jwkim-pc\.m2\repository\org\springframework\spring-jdbc\6.1.8\spring-jdbc-6.1.8.jar;C:\Users\jwkim-pc\.m2\repository\org\hibernate\orm\hibernate-core\6.5.2.Final\hibernate-core-6.5.2.Final.jar;C:\Users\jwkim-pc\.m2\repository\jakarta\persistence\jakarta.persistence-api\3.1.0\jakarta.persistence-api-3.1.0.jar;C:\Users\jwkim-pc\.m2\repository\jakarta\transaction\jakarta.transaction-api\2.0.1\jakarta.transaction-api-2.0.1.jar;C:\Users\jwkim-pc\.m2\repository\org\jboss\logging\jboss-logging\3.5.3.Final\jboss-logging-3.5.3.Final.jar;C:\Users\jwkim-pc\.m2\repository\org\hibernate\common\hibernate-commons-annotations\6.0.6.Final\hibernate-commons-annotations-6.0.6.Final.jar;C:\Users\jwkim-pc\.m2\repository\io\smallrye\jandex\3.1.2\jandex-3.1.2.jar;C:\Users\jwkim-pc\.m2\repository\com\fasterxml\classmate\1.7.0\classmate-1.7.0.jar;C:\Users\jwkim-pc\.m2\repository\org\glassfish\jaxb\jaxb-runtime\4.0.5\jaxb-runtime-4.0.5.jar;C:\Users\jwkim-pc\.m2\repository\org\glassfish\jaxb\jaxb-core\4.0.5\jaxb-core-4.0.5.jar;C:\Users\jwkim-pc\.m2\repository\org\eclipse\angus\angus-activation\2.0.2\angus-activation-2.0.2.jar;C:\Users\jwkim-pc\.m2\repository\org\glassfish\jaxb\txw2\4.0.5\txw2-4.0.5.jar;C:\Users\jwkim-pc\.m2\repository\com\sun\istack\istack-commons-runtime\4.1.2\istack-commons-runtime-4.1.2.jar;C:\Users\jwkim-pc\.m2\repository\jakarta\inject\jakarta.inject-api\2.0.1\jakarta.inject-api-2.0.1.jar;C:\Users\jwkim-pc\.m2\repository\org\antlr\antlr4-runtime\4.13.0\antlr4-runtime-4.13.0.jar;C:\Users\jwkim-pc\.m2\repository\org\springframework\data\spring-data-jpa\3.3.0\spring-data-jpa-3.3.0.jar;C:\Users\jwkim-pc\.m2\repository\org\springframework\data\spring-data-commons\3.3.0\spring-data-commons-3.3.0.jar;C:\Users\jwkim-pc\.m2\repository\org\springframework\spring-orm\6.1.8\spring-orm-6.1.8.jar;C:\Users\jwkim-pc\.m2\repository\org\springframework\spring-context\6.1.8\spring-context-6.1.8.jar;C:\Users\jwkim-pc\.m2\repository\org\springframework\spring-tx\6.1.8\spring-tx-6.1.8.jar;C:\Users\jwkim-pc\.m2\repository\org\springframework\spring-beans\6.1.8\spring-beans-6.1.8.jar;C:\Users\jwkim-pc\.m2\repository\org\springframework\spring-aspects\6.1.8\spring-aspects-6.1.8.jar;C:\Users\jwkim-pc\.m2\repository\org\springframework\boot\spring-boot-starter-web\3.3.0\spring-boot-starter-web-3.3.0.jar;C:\Users\jwkim-pc\.m2\repository\org\springframework\boot\spring-boot-starter-json\3.3.0\spring-boot-starter-json-3.3.0.jar;C:\Users\jwkim-pc\.m2\repository\com\fasterxml\jackson\core\jackson-databind\2.17.1\jackson-databind-2.17.1.jar;C:\Users\jwkim-pc\.m2\repository\com\fasterxml\jackson\core\jackson-annotations\2.17.1\jackson-annotations-2.17.1.jar;C:\Users\jwkim-pc\.m2\repository\com\fasterxml\jackson\core\jackson-core\2.17.1\jackson-core-2.17.1.jar;C:\Users\jwkim-pc\.m2\repository\com\fasterxml\jackson\datatype\jackson-datatype-jdk8\2.17.1\jackson-datatype-jdk8-2.17.1.jar;C:\Users\jwkim-pc\.m2\repository\com\fasterxml\jackson\datatype\jackson-datatype-jsr310\2.17.1\jackson-datatype-jsr310-2.17.1.jar;C:\Users\jwkim-pc\.m2\repository\com\fasterxml\jackson\module\jackson-module-parameter-names\2.17.1\jackson-module-parameter-names-2.17.1.jar;C:\Users\jwkim-pc\.m2\repository\org\springframework\spring-web\6.1.8\spring-web-6.1.8.jar;C:\Users\jwkim-pc\.m2\repository\io\micrometer\micrometer-observation\1.13.0\micrometer-observation-1.13.0.jar;C:\Users\jwkim-pc\.m2\repository\io\micrometer\micrometer-commons\1.13.0\micrometer-commons-1.13.0.jar;C:\Users\jwkim-pc\.m2\repository\org\springframework\spring-webmvc\6.1.8\spring-webmvc-6.1.8.jar;C:\Users\jwkim-pc\.m2\repository\org\springframework\spring-expression\6.1.8\spring-expression-6.1.8.jar;C:\Users\jwkim-pc\.m2\repository\org\springframework\boot\spring-boot-devtools\3.3.0\spring-boot-devtools-3.3.0.jar;C:\Users\jwkim-pc\.m2\repository\org\springframework\boot\spring-boot\3.3.0\spring-boot-3.3.0.jar;C:\Users\jwkim-pc\.m2\repository\org\springframework\boot\spring-boot-autoconfigure\3.3.0\spring-boot-autoconfigure-3.3.0.jar;C:\Users\jwkim-pc\.m2\repository\org\springframework\boot\spring-boot-starter-tomcat\3.3.0\spring-boot-starter-tomcat-3.3.0.jar;C:\Users\jwkim-pc\.m2\repository\jakarta\annotation\jakarta.annotation-api\2.1.1\jakarta.annotation-api-2.1.1.jar;C:\Users\jwkim-pc\.m2\repository\org\apache\tomcat\embed\tomcat-embed-core\10.1.24\tomcat-embed-core-10.1.24.jar;C:\Users\jwkim-pc\.m2\repository\org\apache\tomcat\embed\tomcat-embed-el\10.1.24\tomcat-embed-el-10.1.24.jar;C:\Users\jwkim-pc\.m2\repository\org\apache\tomcat\embed\tomcat-embed-websocket\10.1.24\tomcat-embed-websocket-10.1.24.jar;C:\Users\jwkim-pc\.m2\repository\org\postgresql\postgresql\42.7.3\postgresql-42.7.3.jar;C:\Users\jwkim-pc\.m2\repository\org\checkerframework\checker-qual\3.42.0\checker-qual-3.42.0.jar;C:\Users\jwkim-pc\.m2\repository\org\apache\tomcat\embed\tomcat-embed-jasper\10.1.24\tomcat-embed-jasper-10.1.24.jar;C:\Users\jwkim-pc\.m2\repository\org\eclipse\jdt\ecj\3.33.0\ecj-3.33.0.jar;C:\Users\jwkim-pc\.m2\repository\jakarta\servlet\jsp\jstl\jakarta.servlet.jsp.jstl-api\3.0.0\jakarta.servlet.jsp.jstl-api-3.0.0.jar;C:\Users\jwkim-pc\.m2\repository\jakarta\el\jakarta.el-api\5.0.0\jakarta.el-api-5.0.0.jar;C:\Users\jwkim-pc\.m2\repository\jakarta\servlet\jakarta.servlet-api\6.0.0\jakarta.servlet-api-6.0.0.jar;C:\Users\jwkim-pc\.m2\repository\org\glassfish\web\jakarta.servlet.jsp.jstl\3.0.1\jakarta.servlet.jsp.jstl-3.0.1.jar
Launcher Type: SUN_STANDARD

[Global flags]
     intx CICompilerCount                          = 4                                         {product} {ergonomic}
     uint ConcGCThreads                            = 2                                         {product} {ergonomic}
     uint G1ConcRefinementThreads                  = 8                                         {product} {ergonomic}
   size_t G1HeapRegionSize                         = 2097152                                   {product} {ergonomic}
    uintx GCDrainStackTargetSize                   = 64                                        {product} {ergonomic}
   size_t InitialHeapSize                          = 266338304                                 {product} {ergonomic}
   size_t MarkStackSize                            = 4194304                                   {product} {ergonomic}
   size_t MaxHeapSize                              = 4242538496                                {product} {ergonomic}
   size_t MaxNewSize                               = 2543845376                                {product} {ergonomic}
   size_t MinHeapDeltaBytes                        = 2097152                                   {product} {ergonomic}
   size_t MinHeapSize                              = 8388608                                   {product} {ergonomic}
    uintx NonNMethodCodeHeapSize                   = 5839372                                {pd product} {ergonomic}
    uintx NonProfiledCodeHeapSize                  = 122909434                              {pd product} {ergonomic}
    uintx ProfiledCodeHeapSize                     = 122909434                              {pd product} {ergonomic}
    uintx ReservedCodeCacheSize                    = 251658240                              {pd product} {ergonomic}
     bool SegmentedCodeCache                       = true                                      {product} {ergonomic}
     bool ShowCodeDetailsInExceptionMessages       = true                                   {manageable} {command line}
   size_t SoftMaxHeapSize                          = 4242538496                             {manageable} {ergonomic}
     bool UseCompressedOops                        = true                           {product lp64_product} {ergonomic}
     bool UseG1GC                                  = true                                      {product} {ergonomic}
     bool UseLargePagesIndividualAllocation        = false                                  {pd product} {ergonomic}

Logging:
Log output configuration:
 #0: stdout all=warning uptime,level,tags foldmultilines=false
 #1: stderr all=off uptime,level,tags foldmultilines=false

Environment Variables:
JAVA_HOME=D:\PIE\Java 21
CLASSPATH=%classpath%;.;.;.
PATH=C:/Users/jwkim-pc/.p2/pool/plugins/org.eclipse.justj.openjdk.hotspot.jre.full.win32.x86_64_17.0.9.v20231028-0858/jre/bin/server;C:/Users/jwkim-pc/.p2/pool/plugins/org.eclipse.justj.openjdk.hotspot.jre.full.win32.x86_64_17.0.9.v20231028-0858/jre/bin;C:\Windows\system32;C:\Windows;C:\Windows\System32\Wbem;C:\Windows\System32\WindowsPowerShell\v1.0\;C:\Windows\System32\OpenSSH\;C:\Program Files (x86)\NVIDIA Corporation\PhysX\Common;C:\Program Files\NVIDIA Corporation\NVIDIA NvDLISR;C:\Program Files\Bandizip\;D:\PIE\Java 21\bin;C:\Program Files\Microsoft VS Code\bin;C:\Program Files (x86)\Microsoft SQL Server\160\Tools\Binn\;C:\Program Files\Microsoft SQL Server\160\Tools\Binn\;C:\Program Files\Microsoft SQL Server\Client SDK\ODBC\170\Tools\Binn\;C:\Program Files\Microsoft SQL Server\160\DTS\Binn\;C:\Program Files\PostgreSQL\16\bin;C:\Users\jwkim-pc\AppData\Local\Programs\Python\Python311\Scripts\;C:\Users\jwkim-pc\AppData\Local\Programs\Python\Python311\;C:\Users\jwkim-pc\AppData\Local\Programs\Python\Python37\Scripts\;C:\Users\jwkim-pc\AppData\Local\Programs\Python\Python37\;C:\Users\jwkim-pc\AppData\Local\Microsoft\WindowsApps;;C:\Users\jwkim-pc\AppData\Local\Programs\Fiddler;C:\Users\jwkim-pc\Desktop;
USERNAME=jwkim-pc
OS=Windows_NT
PROCESSOR_IDENTIFIER=Intel64 Family 6 Model 140 Stepping 1, GenuineIntel
TMP=C:\Users\jwkim-pc\AppData\Local\Temp
TEMP=C:\Users\jwkim-pc\AppData\Local\Temp




Periodic native trim disabled

---------------  S Y S T E M  ---------------

OS:
 Windows 10 , 64 bit Build 19041 (10.0.19041.3636)
OS uptime: 0 days 5:00 hours

CPU: total 8 (initial active 8) (4 cores per cpu, 2 threads per core) family 6 model 140 stepping 1 microcode 0x6e, cx8, cmov, fxsr, ht, mmx, 3dnowpref, sse, sse2, sse3, ssse3, sse4.1, sse4.2, popcnt, lzcnt, tsc, tscinvbit, avx, avx2, aes, erms, clmul, bmi1, bmi2, adx, avx512f, avx512dq, avx512cd, avx512bw, avx512vl, sha, fma, vzeroupper, avx512_vpopcntdq, avx512_vpclmulqdq, avx512_vaes, avx512_vnni, clflush, clflushopt, clwb, avx512_vbmi2, avx512_vbmi, rdtscp, rdpid, fsrm, gfni, avx512_bitalg, f16c, pku, cet_ibt, cet_ss, avx512_ifma
Processor Information for all 8 processors :
  Max Mhz: 2803, Current Mhz: 2803, Mhz Limit: 2803

Memory: 4k page, system-wide physical 16183M (6088M free)
TotalPageFile size 33591M (AvailPageFile size 20561M)
current process WorkingSet (physical memory assigned to process): 281M, peak: 371M
current process commit charge ("private bytes"): 326M, peak: 474M

vm_info: OpenJDK 64-Bit Server VM (21.0.1+12-29) for windows-amd64 JRE (21.0.1+12-29), built on 2023-10-05T13:27:09Z by "mach5one" with MS VC++ 17.1 (VS2022)

END.
